2026/03/13 19:03:24 Config loaded successfully
2026/03/13 19:03:24 MySQL 连接失败，正在使用 SQLite 作为备选存储...
[GIN-debug] [WARNING] Creating an Engine instance with the Logger and Recovery middleware already attached.

[GIN-debug] [WARNING] Running in "debug" mode. Switch to "release" mode in production.
 - using env:	export GIN_MODE=release
 - using code:	gin.SetMode(gin.ReleaseMode)

[GIN-debug] GET    /storage/uploads/*filepath --> github.com/gin-gonic/gin.(*RouterGroup).createStaticHandler.func1 (4 handlers)
[GIN-debug] HEAD   /storage/uploads/*filepath --> github.com/gin-gonic/gin.(*RouterGroup).createStaticHandler.func1 (4 handlers)
[GIN-debug] GET    /uploads/*filepath        --> github.com/gin-gonic/gin.(*RouterGroup).createStaticHandler.func1 (4 handlers)
[GIN-debug] HEAD   /uploads/*filepath        --> github.com/gin-gonic/gin.(*RouterGroup).createStaticHandler.func1 (4 handlers)
[GIN-debug] GET    /                         --> baby-fans/internal/api.SetupRouter.(*RouterGroup).StaticFile.func2 (4 handlers)
[GIN-debug] HEAD   /                         --> baby-fans/internal/api.SetupRouter.(*RouterGroup).StaticFile.func2 (4 handlers)
[GIN-debug] POST   /login/face               --> baby-fans/internal/api/handler.(*AuthHandler).LoginFace-fm (4 handlers)
[GIN-debug] GET    /login/code               --> baby-fans/internal/api/handler.(*AuthHandler).LoginCode-fm (4 handlers)
[GIN-debug] POST   /api/v1/auth/wechat/login --> baby-fans/internal/api/handler.(*AuthHandler).WeChatLogin-fm (4 handlers)
[GIN-debug] GET    /parent/items             --> baby-fans/internal/api/handler.(*ShopHandler).GetItems-fm (4 handlers)
[GIN-debug] GET    /parent/children          --> baby-fans/internal/api/handler.(*AuthHandler).GetChildren-fm (5 handlers)
[GIN-debug] POST   /parent/children/bind     --> baby-fans/internal/api/handler.(*AuthHandler).BindChildByCode-fm (5 handlers)
[GIN-debug] DELETE /parent/children/:id      --> baby-fans/internal/api/handler.(*AuthHandler).UnbindChild-fm (5 handlers)
[GIN-debug] POST   /parent/binding/code      --> baby-fans/internal/api/handler.(*AuthHandler).GenerateBindingCode-fm (5 handlers)
[GIN-debug] GET    /parent/templates         --> baby-fans/internal/api/handler.(*PointsHandler).GetTemplates-fm (5 handlers)
[GIN-debug] POST   /parent/templates         --> baby-fans/internal/api/handler.(*PointsHandler).SaveTemplate-fm (5 handlers)
[GIN-debug] DELETE /parent/templates/:id     --> baby-fans/internal/api/handler.(*PointsHandler).DeleteTemplate-fm (5 handlers)
[GIN-debug] POST   /parent/items             --> baby-fans/internal/api/handler.(*ShopHandler).SaveItem-fm (5 handlers)
[GIN-debug] PUT    /parent/items/:id/stock   --> baby-fans/internal/api/handler.(*ShopHandler).UpdateStock-fm (5 handlers)
[GIN-debug] DELETE /parent/items/:id         --> baby-fans/internal/api/handler.(*ShopHandler).DeleteItem-fm (5 handlers)
[GIN-debug] GET    /parent/redemptions       --> baby-fans/internal/api/handler.(*ShopHandler).GetRedemptions-fm (5 handlers)
[GIN-debug] POST   /parent/points/manage     --> baby-fans/internal/api/handler.(*PointsHandler).ManagePoints-fm (5 handlers)
[GIN-debug] POST   /parent/redemption/confirm/:id --> baby-fans/internal/api/handler.(*ShopHandler).Confirm-fm (5 handlers)
[GIN-debug] GET    /child/overview           --> baby-fans/internal/api/handler.(*AuthHandler).GetOverview-fm (5 handlers)
[GIN-debug] POST   /child/binding/accept     --> baby-fans/internal/api/handler.(*AuthHandler).AcceptBinding-fm (5 handlers)
[GIN-debug] POST   /child/exchange           --> baby-fans/internal/api/handler.(*ShopHandler).Exchange-fm (5 handlers)
2026/03/13 19:03:24 Starting server on port 18081
[GIN-debug] [WARNING] You trusted all proxies, this is NOT safe. We recommend you to set a value.
Please check https://github.com/gin-gonic/gin/blob/master/docs/doc.md#dont-trust-all-proxies for details.
[GIN-debug] Listening and serving HTTP on :18081
[GIN] 2026/03/13 - 19:03:31 | 204 |     208.708µs |             ::1 | OPTIONS  "/login/code?code=888888"
[GIN] 2026/03/13 - 19:03:31 | 200 |    1.750791ms |             ::1 | GET      "/login/code?code=888888"
[GIN] 2026/03/13 - 19:03:32 | 204 |       4.125µs |             ::1 | OPTIONS  "/parent/children"
[GIN] 2026/03/13 - 19:03:32 | 200 |     245.375µs |             ::1 | GET      "/parent/children"
[GIN] 2026/03/13 - 19:03:44 | 204 |        11.5µs |             ::1 | OPTIONS  "/parent/children/bind"

2026/03/13 19:03:44 [31;1m/Users/oct/workspaces/baby-fans/backend/internal/api/handler/handlers.go:119 [35;1mrecord not found
[0m[33m[0.103ms] [34;1m[rows:0][0m SELECT * FROM `parent_children` WHERE parent_id = 1 AND child_id = 2 ORDER BY `parent_children`.`parent_id` LIMIT 1
[GIN] 2026/03/13 - 19:03:44 | 200 |    2.784167ms |             ::1 | POST     "/parent/children/bind"
[GIN] 2026/03/13 - 19:03:44 | 204 |       6.334µs |             ::1 | OPTIONS  "/parent/children"
[GIN] 2026/03/13 - 19:03:44 | 200 |      616.75µs |             ::1 | GET      "/parent/children"
[GIN] 2026/03/13 - 19:03:47 | 204 |           6µs |             ::1 | OPTIONS  "/parent/templates"
[GIN] 2026/03/13 - 19:03:47 | 200 |     229.917µs |             ::1 | GET      "/parent/templates"
